<?xml version="1.0" encoding="UTF-8"?>
<testsuite xmlns:xsi="http://www.w3.org/2001/XMLSchema-instance" xsi:noNamespaceSchemaLocation="https://maven.apache.org/surefire/maven-surefire-plugin/xsd/surefire-test-report.xsd" name="com.dfd.controller.ItemControllerTest" time="0.01" tests="0" errors="0" skipped="0" failures="0">
  <properties>
    <property name="sun.desktop" value="windows"/>
    <property name="awt.toolkit" value="sun.awt.windows.WToolkit"/>
    <property name="file.encoding.pkg" value="sun.io"/>
    <property name="java.specification.version" value="1.8"/>
    <property name="sun.cpu.isalist" value="amd64"/>
    <property name="sun.jnu.encoding" value="GBK"/>
    <property name="java.class.path" value="E:\code\dy\dfd-salary\salary-api\target\test-classes;E:\code\dy\dfd-salary\salary-api\target\classes;E:\code\dy\dfd-salary\salary-service\target\salary-service-1.0.0.jar;E:\code\dy\dfd-salary\salary-mapper\target\salary-mapper-1.0.0.jar;E:\code\dy\dfd-salary\salary-pojo\target\salary-pojo-1.0.0.jar;E:\code\dy\dfd-salary\salary-common\target\salary-common-1.0.0.jar;E:\repository\org\springframework\boot\spring-boot-starter\2.1.5.RELEASE\spring-boot-starter-2.1.5.RELEASE.jar;E:\repository\org\springframework\boot\spring-boot\2.1.5.RELEASE\spring-boot-2.1.5.RELEASE.jar;E:\repository\org\springframework\boot\spring-boot-autoconfigure\2.1.5.RELEASE\spring-boot-autoconfigure-2.1.5.RELEASE.jar;E:\repository\javax\annotation\javax.annotation-api\1.3.2\javax.annotation-api-1.3.2.jar;E:\repository\org\springframework\spring-core\5.1.7.RELEASE\spring-core-5.1.7.RELEASE.jar;E:\repository\org\springframework\spring-jcl\5.1.7.RELEASE\spring-jcl-5.1.7.RELEASE.jar;E:\repository\org\yaml\snakeyaml\1.23\snakeyaml-1.23.jar;E:\repository\org\slf4j\slf4j-api\1.7.21\slf4j-api-1.7.21.jar;E:\repository\org\slf4j\slf4j-log4j12\1.7.21\slf4j-log4j12-1.7.21.jar;E:\repository\log4j\log4j\1.2.17\log4j-1.2.17.jar;E:\repository\org\springframework\boot\spring-boot-starter-web\2.1.5.RELEASE\spring-boot-starter-web-2.1.5.RELEASE.jar;E:\repository\org\springframework\boot\spring-boot-starter-json\2.1.5.RELEASE\spring-boot-starter-json-2.1.5.RELEASE.jar;E:\repository\com\fasterxml\jackson\datatype\jackson-datatype-jdk8\2.9.8\jackson-datatype-jdk8-2.9.8.jar;E:\repository\com\fasterxml\jackson\datatype\jackson-datatype-jsr310\2.9.8\jackson-datatype-jsr310-2.9.8.jar;E:\repository\com\fasterxml\jackson\module\jackson-module-parameter-names\2.9.8\jackson-module-parameter-names-2.9.8.jar;E:\repository\org\springframework\boot\spring-boot-starter-tomcat\2.1.5.RELEASE\spring-boot-starter-tomcat-2.1.5.RELEASE.jar;E:\repository\org\apache\tomcat\embed\tomcat-embed-core\9.0.19\tomcat-embed-core-9.0.19.jar;E:\repository\org\apache\tomcat\embed\tomcat-embed-el\9.0.19\tomcat-embed-el-9.0.19.jar;E:\repository\org\apache\tomcat\embed\tomcat-embed-websocket\9.0.19\tomcat-embed-websocket-9.0.19.jar;E:\repository\org\hibernate\validator\hibernate-validator\6.0.16.Final\hibernate-validator-6.0.16.Final.jar;E:\repository\javax\validation\validation-api\2.0.1.Final\validation-api-2.0.1.Final.jar;E:\repository\org\jboss\logging\jboss-logging\3.3.2.Final\jboss-logging-3.3.2.Final.jar;E:\repository\org\springframework\spring-web\5.1.7.RELEASE\spring-web-5.1.7.RELEASE.jar;E:\repository\org\springframework\spring-webmvc\5.1.7.RELEASE\spring-webmvc-5.1.7.RELEASE.jar;E:\repository\org\springframework\boot\spring-boot-starter-aop\2.1.5.RELEASE\spring-boot-starter-aop-2.1.5.RELEASE.jar;E:\repository\org\springframework\spring-aop\5.1.7.RELEASE\spring-aop-5.1.7.RELEASE.jar;E:\repository\org\aspectj\aspectjweaver\1.9.4\aspectjweaver-1.9.4.jar;E:\repository\org\springframework\boot\spring-boot-configuration-processor\2.1.5.RELEASE\spring-boot-configuration-processor-2.1.5.RELEASE.jar;E:\repository\mysql\mysql-connector-java\5.1.41\mysql-connector-java-5.1.41.jar;E:\repository\org\mybatis\spring\boot\mybatis-spring-boot-starter\2.1.0\mybatis-spring-boot-starter-2.1.0.jar;E:\repository\org\springframework\boot\spring-boot-starter-jdbc\2.1.5.RELEASE\spring-boot-starter-jdbc-2.1.5.RELEASE.jar;E:\repository\com\zaxxer\HikariCP\3.2.0\HikariCP-3.2.0.jar;E:\repository\org\springframework\spring-jdbc\5.1.7.RELEASE\spring-jdbc-5.1.7.RELEASE.jar;E:\repository\org\springframework\spring-tx\5.1.7.RELEASE\spring-tx-5.1.7.RELEASE.jar;E:\repository\org\mybatis\spring\boot\mybatis-spring-boot-autoconfigure\2.1.0\mybatis-spring-boot-autoconfigure-2.1.0.jar;E:\repository\org\mybatis\mybatis\3.5.2\mybatis-3.5.2.jar;E:\repository\org\mybatis\mybatis-spring\2.0.2\mybatis-spring-2.0.2.jar;E:\repository\tk\mybatis\mapper-spring-boot-starter\2.1.5\mapper-spring-boot-starter-2.1.5.jar;E:\repository\tk\mybatis\mapper-core\1.1.5\mapper-core-1.1.5.jar;E:\repository\javax\persistence\persistence-api\1.0\persistence-api-1.0.jar;E:\repository\tk\mybatis\mapper-base\1.1.5\mapper-base-1.1.5.jar;E:\repository\tk\mybatis\mapper-weekend\1.1.5\mapper-weekend-1.1.5.jar;E:\repository\tk\mybatis\mapper-spring\1.1.5\mapper-spring-1.1.5.jar;E:\repository\tk\mybatis\mapper-extra\1.1.5\mapper-extra-1.1.5.jar;E:\repository\tk\mybatis\mapper-spring-boot-autoconfigure\2.1.5\mapper-spring-boot-autoconfigure-2.1.5.jar;E:\repository\commons-codec\commons-codec\1.11\commons-codec-1.11.jar;E:\repository\org\apache\commons\commons-lang3\3.4\commons-lang3-3.4.jar;E:\repository\commons-io\commons-io\1.3.2\commons-io-1.3.2.jar;E:\repository\io\springfox\springfox-swagger2\2.4.0\springfox-swagger2-2.4.0.jar;E:\repository\io\swagger\swagger-annotations\1.5.6\swagger-annotations-1.5.6.jar;E:\repository\io\swagger\swagger-models\1.5.6\swagger-models-1.5.6.jar;E:\repository\com\fasterxml\jackson\core\jackson-annotations\2.9.0\jackson-annotations-2.9.0.jar;E:\repository\io\springfox\springfox-spi\2.4.0\springfox-spi-2.4.0.jar;E:\repository\io\springfox\springfox-core\2.4.0\springfox-core-2.4.0.jar;E:\repository\io\springfox\springfox-schema\2.4.0\springfox-schema-2.4.0.jar;E:\repository\io\springfox\springfox-swagger-common\2.4.0\springfox-swagger-common-2.4.0.jar;E:\repository\io\springfox\springfox-spring-web\2.4.0\springfox-spring-web-2.4.0.jar;E:\repository\com\google\guava\guava\18.0\guava-18.0.jar;E:\repository\com\fasterxml\classmate\1.4.0\classmate-1.4.0.jar;E:\repository\org\springframework\plugin\spring-plugin-core\1.2.0.RELEASE\spring-plugin-core-1.2.0.RELEASE.jar;E:\repository\org\springframework\plugin\spring-plugin-metadata\1.2.0.RELEASE\spring-plugin-metadata-1.2.0.RELEASE.jar;E:\repository\io\springfox\springfox-swagger-ui\2.4.0\springfox-swagger-ui-2.4.0.jar;E:\repository\com\github\xiaoymin\swagger-bootstrap-ui\1.6\swagger-bootstrap-ui-1.6.jar;E:\repository\org\projectlombok\lombok\1.18.24\lombok-1.18.24.jar;E:\repository\org\springframework\security\spring-security-core\5.1.5.RELEASE\spring-security-core-5.1.5.RELEASE.jar;E:\repository\org\springframework\spring-beans\5.1.7.RELEASE\spring-beans-5.1.7.RELEASE.jar;E:\repository\org\springframework\spring-context\5.1.7.RELEASE\spring-context-5.1.7.RELEASE.jar;E:\repository\org\springframework\spring-expression\5.1.7.RELEASE\spring-expression-5.1.7.RELEASE.jar;E:\repository\cn\hutool\hutool-all\5.8.5\hutool-all-5.8.5.jar;E:\repository\com\auth0\java-jwt\3.8.2\java-jwt-3.8.2.jar;E:\repository\com\fasterxml\jackson\core\jackson-databind\2.9.8\jackson-databind-2.9.8.jar;E:\repository\com\fasterxml\jackson\core\jackson-core\2.9.8\jackson-core-2.9.8.jar;E:\repository\com\baomidou\mybatisplus-spring-boot-starter\1.0.5\mybatisplus-spring-boot-starter-1.0.5.jar;E:\repository\com\baomidou\mybatis-plus\3.1.0\mybatis-plus-3.1.0.jar;E:\repository\com\baomidou\mybatis-plus-extension\3.1.0\mybatis-plus-extension-3.1.0.jar;E:\repository\com\baomidou\mybatis-plus-core\3.1.0\mybatis-plus-core-3.1.0.jar;E:\repository\com\baomidou\mybatis-plus-annotation\3.1.0\mybatis-plus-annotation-3.1.0.jar;E:\repository\com\github\jsqlparser\jsqlparser\1.4\jsqlparser-1.4.jar;"/>
    <property name="java.vm.vendor" value="Oracle Corporation"/>
    <property name="sun.arch.data.model" value="64"/>
    <property name="user.variant" value=""/>
    <property name="java.vendor.url" value="http://java.oracle.com/"/>
    <property name="user.timezone" value="Asia/Shanghai"/>
    <property name="java.vm.specification.version" value="1.8"/>
    <property name="os.name" value="Windows 10"/>
    <property name="user.country" value="CN"/>
    <property name="sun.java.launcher" value="SUN_STANDARD"/>
    <property name="sun.boot.library.path" value="E:\software\Java\jdk1.8.0_181\jre\bin"/>
    <property name="sun.java.command" value="C:\Users\kristi\AppData\Local\Temp\surefire6501536813422521515\surefirebooter7288250069265061506.jar C:\Users\kristi\AppData\Local\Temp\surefire6501536813422521515 2023-06-08T15-34-09_501-jvmRun1 surefire909466257170585277tmp surefire_08128265195511464904tmp"/>
    <property name="surefire.test.class.path" value="E:\code\dy\dfd-salary\salary-api\target\test-classes;E:\code\dy\dfd-salary\salary-api\target\classes;E:\code\dy\dfd-salary\salary-service\target\salary-service-1.0.0.jar;E:\code\dy\dfd-salary\salary-mapper\target\salary-mapper-1.0.0.jar;E:\code\dy\dfd-salary\salary-pojo\target\salary-pojo-1.0.0.jar;E:\code\dy\dfd-salary\salary-common\target\salary-common-1.0.0.jar;E:\repository\org\springframework\boot\spring-boot-starter\2.1.5.RELEASE\spring-boot-starter-2.1.5.RELEASE.jar;E:\repository\org\springframework\boot\spring-boot\2.1.5.RELEASE\spring-boot-2.1.5.RELEASE.jar;E:\repository\org\springframework\boot\spring-boot-autoconfigure\2.1.5.RELEASE\spring-boot-autoconfigure-2.1.5.RELEASE.jar;E:\repository\javax\annotation\javax.annotation-api\1.3.2\javax.annotation-api-1.3.2.jar;E:\repository\org\springframework\spring-core\5.1.7.RELEASE\spring-core-5.1.7.RELEASE.jar;E:\repository\org\springframework\spring-jcl\5.1.7.RELEASE\spring-jcl-5.1.7.RELEASE.jar;E:\repository\org\yaml\snakeyaml\1.23\snakeyaml-1.23.jar;E:\repository\org\slf4j\slf4j-api\1.7.21\slf4j-api-1.7.21.jar;E:\repository\org\slf4j\slf4j-log4j12\1.7.21\slf4j-log4j12-1.7.21.jar;E:\repository\log4j\log4j\1.2.17\log4j-1.2.17.jar;E:\repository\org\springframework\boot\spring-boot-starter-web\2.1.5.RELEASE\spring-boot-starter-web-2.1.5.RELEASE.jar;E:\repository\org\springframework\boot\spring-boot-starter-json\2.1.5.RELEASE\spring-boot-starter-json-2.1.5.RELEASE.jar;E:\repository\com\fasterxml\jackson\datatype\jackson-datatype-jdk8\2.9.8\jackson-datatype-jdk8-2.9.8.jar;E:\repository\com\fasterxml\jackson\datatype\jackson-datatype-jsr310\2.9.8\jackson-datatype-jsr310-2.9.8.jar;E:\repository\com\fasterxml\jackson\module\jackson-module-parameter-names\2.9.8\jackson-module-parameter-names-2.9.8.jar;E:\repository\org\springframework\boot\spring-boot-starter-tomcat\2.1.5.RELEASE\spring-boot-starter-tomcat-2.1.5.RELEASE.jar;E:\repository\org\apache\tomcat\embed\tomcat-embed-core\9.0.19\tomcat-embed-core-9.0.19.jar;E:\repository\org\apache\tomcat\embed\tomcat-embed-el\9.0.19\tomcat-embed-el-9.0.19.jar;E:\repository\org\apache\tomcat\embed\tomcat-embed-websocket\9.0.19\tomcat-embed-websocket-9.0.19.jar;E:\repository\org\hibernate\validator\hibernate-validator\6.0.16.Final\hibernate-validator-6.0.16.Final.jar;E:\repository\javax\validation\validation-api\2.0.1.Final\validation-api-2.0.1.Final.jar;E:\repository\org\jboss\logging\jboss-logging\3.3.2.Final\jboss-logging-3.3.2.Final.jar;E:\repository\org\springframework\spring-web\5.1.7.RELEASE\spring-web-5.1.7.RELEASE.jar;E:\repository\org\springframework\spring-webmvc\5.1.7.RELEASE\spring-webmvc-5.1.7.RELEASE.jar;E:\repository\org\springframework\boot\spring-boot-starter-aop\2.1.5.RELEASE\spring-boot-starter-aop-2.1.5.RELEASE.jar;E:\repository\org\springframework\spring-aop\5.1.7.RELEASE\spring-aop-5.1.7.RELEASE.jar;E:\repository\org\aspectj\aspectjweaver\1.9.4\aspectjweaver-1.9.4.jar;E:\repository\org\springframework\boot\spring-boot-configuration-processor\2.1.5.RELEASE\spring-boot-configuration-processor-2.1.5.RELEASE.jar;E:\repository\mysql\mysql-connector-java\5.1.41\mysql-connector-java-5.1.41.jar;E:\repository\org\mybatis\spring\boot\mybatis-spring-boot-starter\2.1.0\mybatis-spring-boot-starter-2.1.0.jar;E:\repository\org\springframework\boot\spring-boot-starter-jdbc\2.1.5.RELEASE\spring-boot-starter-jdbc-2.1.5.RELEASE.jar;E:\repository\com\zaxxer\HikariCP\3.2.0\HikariCP-3.2.0.jar;E:\repository\org\springframework\spring-jdbc\5.1.7.RELEASE\spring-jdbc-5.1.7.RELEASE.jar;E:\repository\org\springframework\spring-tx\5.1.7.RELEASE\spring-tx-5.1.7.RELEASE.jar;E:\repository\org\mybatis\spring\boot\mybatis-spring-boot-autoconfigure\2.1.0\mybatis-spring-boot-autoconfigure-2.1.0.jar;E:\repository\org\mybatis\mybatis\3.5.2\mybatis-3.5.2.jar;E:\repository\org\mybatis\mybatis-spring\2.0.2\mybatis-spring-2.0.2.jar;E:\repository\tk\mybatis\mapper-spring-boot-starter\2.1.5\mapper-spring-boot-starter-2.1.5.jar;E:\repository\tk\mybatis\mapper-core\1.1.5\mapper-core-1.1.5.jar;E:\repository\javax\persistence\persistence-api\1.0\persistence-api-1.0.jar;E:\repository\tk\mybatis\mapper-base\1.1.5\mapper-base-1.1.5.jar;E:\repository\tk\mybatis\mapper-weekend\1.1.5\mapper-weekend-1.1.5.jar;E:\repository\tk\mybatis\mapper-spring\1.1.5\mapper-spring-1.1.5.jar;E:\repository\tk\mybatis\mapper-extra\1.1.5\mapper-extra-1.1.5.jar;E:\repository\tk\mybatis\mapper-spring-boot-autoconfigure\2.1.5\mapper-spring-boot-autoconfigure-2.1.5.jar;E:\repository\commons-codec\commons-codec\1.11\commons-codec-1.11.jar;E:\repository\org\apache\commons\commons-lang3\3.4\commons-lang3-3.4.jar;E:\repository\commons-io\commons-io\1.3.2\commons-io-1.3.2.jar;E:\repository\io\springfox\springfox-swagger2\2.4.0\springfox-swagger2-2.4.0.jar;E:\repository\io\swagger\swagger-annotations\1.5.6\swagger-annotations-1.5.6.jar;E:\repository\io\swagger\swagger-models\1.5.6\swagger-models-1.5.6.jar;E:\repository\com\fasterxml\jackson\core\jackson-annotations\2.9.0\jackson-annotations-2.9.0.jar;E:\repository\io\springfox\springfox-spi\2.4.0\springfox-spi-2.4.0.jar;E:\repository\io\springfox\springfox-core\2.4.0\springfox-core-2.4.0.jar;E:\repository\io\springfox\springfox-schema\2.4.0\springfox-schema-2.4.0.jar;E:\repository\io\springfox\springfox-swagger-common\2.4.0\springfox-swagger-common-2.4.0.jar;E:\repository\io\springfox\springfox-spring-web\2.4.0\springfox-spring-web-2.4.0.jar;E:\repository\com\google\guava\guava\18.0\guava-18.0.jar;E:\repository\com\fasterxml\classmate\1.4.0\classmate-1.4.0.jar;E:\repository\org\springframework\plugin\spring-plugin-core\1.2.0.RELEASE\spring-plugin-core-1.2.0.RELEASE.jar;E:\repository\org\springframework\plugin\spring-plugin-metadata\1.2.0.RELEASE\spring-plugin-metadata-1.2.0.RELEASE.jar;E:\repository\io\springfox\springfox-swagger-ui\2.4.0\springfox-swagger-ui-2.4.0.jar;E:\repository\com\github\xiaoymin\swagger-bootstrap-ui\1.6\swagger-bootstrap-ui-1.6.jar;E:\repository\org\projectlombok\lombok\1.18.24\lombok-1.18.24.jar;E:\repository\org\springframework\security\spring-security-core\5.1.5.RELEASE\spring-security-core-5.1.5.RELEASE.jar;E:\repository\org\springframework\spring-beans\5.1.7.RELEASE\spring-beans-5.1.7.RELEASE.jar;E:\repository\org\springframework\spring-context\5.1.7.RELEASE\spring-context-5.1.7.RELEASE.jar;E:\repository\org\springframework\spring-expression\5.1.7.RELEASE\spring-expression-5.1.7.RELEASE.jar;E:\repository\cn\hutool\hutool-all\5.8.5\hutool-all-5.8.5.jar;E:\repository\com\auth0\java-jwt\3.8.2\java-jwt-3.8.2.jar;E:\repository\com\fasterxml\jackson\core\jackson-databind\2.9.8\jackson-databind-2.9.8.jar;E:\repository\com\fasterxml\jackson\core\jackson-core\2.9.8\jackson-core-2.9.8.jar;E:\repository\com\baomidou\mybatisplus-spring-boot-starter\1.0.5\mybatisplus-spring-boot-starter-1.0.5.jar;E:\repository\com\baomidou\mybatis-plus\3.1.0\mybatis-plus-3.1.0.jar;E:\repository\com\baomidou\mybatis-plus-extension\3.1.0\mybatis-plus-extension-3.1.0.jar;E:\repository\com\baomidou\mybatis-plus-core\3.1.0\mybatis-plus-core-3.1.0.jar;E:\repository\com\baomidou\mybatis-plus-annotation\3.1.0\mybatis-plus-annotation-3.1.0.jar;E:\repository\com\github\jsqlparser\jsqlparser\1.4\jsqlparser-1.4.jar;"/>
    <property name="sun.cpu.endian" value="little"/>
    <property name="user.home" value="C:\Users\kristi"/>
    <property name="user.language" value="zh"/>
    <property name="java.specification.vendor" value="Oracle Corporation"/>
    <property name="java.home" value="E:\software\Java\jdk1.8.0_181\jre"/>
    <property name="basedir" value="E:\code\dy\dfd-salary\salary-api"/>
    <property name="file.separator" value="\"/>
    <property name="line.separator" value="&#10;"/>
    <property name="java.vm.specification.vendor" value="Oracle Corporation"/>
    <property name="java.specification.name" value="Java Platform API Specification"/>
    <property name="java.awt.graphicsenv" value="sun.awt.Win32GraphicsEnvironment"/>
    <property name="surefire.real.class.path" value="C:\Users\kristi\AppData\Local\Temp\surefire6501536813422521515\surefirebooter7288250069265061506.jar"/>
    <property name="sun.boot.class.path" value="E:\software\Java\jdk1.8.0_181\jre\lib\resources.jar;E:\software\Java\jdk1.8.0_181\jre\lib\rt.jar;E:\software\Java\jdk1.8.0_181\jre\lib\sunrsasign.jar;E:\software\Java\jdk1.8.0_181\jre\lib\jsse.jar;E:\software\Java\jdk1.8.0_181\jre\lib\jce.jar;E:\software\Java\jdk1.8.0_181\jre\lib\charsets.jar;E:\software\Java\jdk1.8.0_181\jre\lib\jfr.jar;E:\software\Java\jdk1.8.0_181\jre\classes"/>
    <property name="user.script" value=""/>
    <property name="sun.management.compiler" value="HotSpot 64-Bit Tiered Compilers"/>
    <property name="java.runtime.version" value="1.8.0_181-b13"/>
    <property name="user.name" value="kristi"/>
    <property name="path.separator" value=";"/>
    <property name="os.version" value="10.0"/>
    <property name="java.endorsed.dirs" value="E:\software\Java\jdk1.8.0_181\jre\lib\endorsed"/>
    <property name="java.runtime.name" value="Java(TM) SE Runtime Environment"/>
    <property name="file.encoding" value="GBK"/>
    <property name="java.vm.name" value="Java HotSpot(TM) 64-Bit Server VM"/>
    <property name="localRepository" value="E:\repository"/>
    <property name="java.vendor.url.bug" value="http://bugreport.sun.com/bugreport/"/>
    <property name="java.io.tmpdir" value="C:\Users\kristi\AppData\Local\Temp\"/>
    <property name="idea.version" value="2021.2.4"/>
    <property name="java.version" value="1.8.0_181"/>
    <property name="user.dir" value="E:\code\dy\dfd-salary\salary-api"/>
    <property name="os.arch" value="amd64"/>
    <property name="java.vm.specification.name" value="Java Virtual Machine Specification"/>
    <property name="java.awt.printerjob" value="sun.awt.windows.WPrinterJob"/>
    <property name="sun.os.patch.level" value=""/>
    <property name="java.library.path" value="E:\software\Java\jdk1.8.0_181\jre\bin;C:\WINDOWS\Sun\Java\bin;C:\WINDOWS\system32;C:\WINDOWS;C:\Program Files\Eclipse Foundation\jdk-8.0.302.8-hotspot\bin;C:\Program Files (x86)\Common Files\Oracle\Java\javapath;C:\WINDOWS\system32;C:\WINDOWS;C:\WINDOWS\System32\Wbem;C:\WINDOWS\System32\WindowsPowerShell\v1.0\;C:\WINDOWS\System32\OpenSSH\;E:\software\UltraEdit;E:\software\apache-maven-3.6.3\bin;E:\software\Java\jdk1.8.0_181\bin;E:\software\Java\jdk1.8.0_181\jre\bin;E:\software\Git\cmd;E:\software\Xshell 7\;E:\software\Xftp 7\;C:\Program Files\MySQL\MySQL Server 5.7\bin;E:\software\python;C:\Program Files\Microsoft SQL Server\130\Tools\Binn\;C:\Program Files\Microsoft SQL Server\Client SDK\ODBC\170\Tools\Binn\;E:\software\node\;%NODE_PATH%;E:\software\node\node_cache;E:\software\node\node_global;C:\Users\kristi\AppData\Local\Microsoft\WindowsApps;C:\WINDOWS\System32\Wbem;E:\software\Microsoft VS Code\bin;C:\Users\kristi\AppData\Roaming\npm;E:\software\node;;."/>
    <property name="java.vm.info" value="mixed mode"/>
    <property name="java.vendor" value="Oracle Corporation"/>
    <property name="java.vm.version" value="25.181-b13"/>
    <property name="java.ext.dirs" value="E:\software\Java\jdk1.8.0_181\jre\lib\ext;C:\WINDOWS\Sun\Java\lib\ext"/>
    <property name="sun.io.unicode.encoding" value="UnicodeLittle"/>
    <property name="java.class.version" value="52.0"/>
  </properties>
</testsuite>